Performing C SOURCE FILE Test CMAKE_HAVE_LIBC_PTHREAD failed with the following output:
Change Dir: /home/ligen/桌面/github/miniob/build/CMakeFiles/CMakeTmp

Run Build Command(s):/usr/bin/make cmTC_a30c7/fast && /usr/bin/make -f CMakeFiles/cmTC_a30c7.dir/build.make CMakeFiles/cmTC_a30c7.dir/build
make[1]: 进入目录“/home/ligen/桌面/github/miniob/build/CMakeFiles/CMakeTmp”
Building C object CMakeFiles/cmTC_a30c7.dir/src.c.o
/usr/bin/cc   -Wall -DCMAKE_EXPORT_COMPILE_COMMANDS=1  -O2 -g  -DCMAKE_HAVE_LIBC_PTHREAD   -o CMakeFiles/cmTC_a30c7.dir/src.c.o   -c /home/ligen/桌面/github/miniob/build/CMakeFiles/CMakeTmp/src.c
Linking C executable cmTC_a30c7
/usr/bin/cmake -E cmake_link_script CMakeFiles/cmTC_a30c7.dir/link.txt --verbose=1
/usr/bin/cc  -Wall -DCMAKE_EXPORT_COMPILE_COMMANDS=1  -O2 -g  -DCMAKE_HAVE_LIBC_PTHREAD    CMakeFiles/cmTC_a30c7.dir/src.c.o  -o cmTC_a30c7 
/usr/bin/ld: CMakeFiles/cmTC_a30c7.dir/src.c.o: in function `main':
/home/ligen/桌面/github/miniob/build/CMakeFiles/CMakeTmp/src.c:11: undefined reference to `pthread_create'
/usr/bin/ld: /home/ligen/桌面/github/miniob/build/CMakeFiles/CMakeTmp/src.c:12: undefined reference to `pthread_detach'
/usr/bin/ld: /home/ligen/桌面/github/miniob/build/CMakeFiles/CMakeTmp/src.c:13: undefined reference to `pthread_join'
collect2: error: ld returned 1 exit status
make[1]: *** [CMakeFiles/cmTC_a30c7.dir/build.make:87：cmTC_a30c7] 错误 1
make[1]: 离开目录“/home/ligen/桌面/github/miniob/build/CMakeFiles/CMakeTmp”
make: *** [Makefile:121：cmTC_a30c7/fast] 错误 2


Source file was:
#include <pthread.h>

void* test_func(void* data)
{
  return data;
}

int main(void)
{
  pthread_t thread;
  pthread_create(&thread, NULL, test_func, NULL);
  pthread_detach(thread);
  pthread_join(thread, NULL);
  pthread_atfork(NULL, NULL, NULL);
  pthread_exit(NULL);

  return 0;
}

Determining if the function pthread_create exists in the pthreads failed with the following output:
Change Dir: /home/ligen/桌面/github/miniob/build/CMakeFiles/CMakeTmp

Run Build Command(s):/usr/bin/make cmTC_7e340/fast && /usr/bin/make -f CMakeFiles/cmTC_7e340.dir/build.make CMakeFiles/cmTC_7e340.dir/build
make[1]: 进入目录“/home/ligen/桌面/github/miniob/build/CMakeFiles/CMakeTmp”
Building C object CMakeFiles/cmTC_7e340.dir/CheckFunctionExists.c.o
/usr/bin/cc   -Wall -DCMAKE_EXPORT_COMPILE_COMMANDS=1  -O2 -g  -DCHECK_FUNCTION_EXISTS=pthread_create   -o CMakeFiles/cmTC_7e340.dir/CheckFunctionExists.c.o   -c /usr/share/cmake-3.16/Modules/CheckFunctionExists.c
Linking C executable cmTC_7e340
/usr/bin/cmake -E cmake_link_script CMakeFiles/cmTC_7e340.dir/link.txt --verbose=1
/usr/bin/cc  -Wall -DCMAKE_EXPORT_COMPILE_COMMANDS=1  -O2 -g  -DCHECK_FUNCTION_EXISTS=pthread_create    CMakeFiles/cmTC_7e340.dir/CheckFunctionExists.c.o  -o cmTC_7e340  -lpthreads 
/usr/bin/ld: 找不到 -lpthreads
collect2: error: ld returned 1 exit status
make[1]: *** [CMakeFiles/cmTC_7e340.dir/build.make:87：cmTC_7e340] 错误 1
make[1]: 离开目录“/home/ligen/桌面/github/miniob/build/CMakeFiles/CMakeTmp”
make: *** [Makefile:121：cmTC_7e340/fast] 错误 2



